<?xml version="1.0" encoding="UTF-8"?>
<!-- Generated by org.testng.reporters.JUnitReportReporter -->
<testsuite hostname="MSI" failures="0" tests="1" name="Tests.HotelBookingTest" time="49.291" errors="0" timestamp="2025-03-29T22:49:04 IST" skipped="0">
  <testcase classname="Tests.HotelBookingTest" name="testHotelBookingWithCoupon" time="49.291"/>
  <system-out/>
</testsuite> <!-- Tests.HotelBookingTest -->
