<?xml version="1.0" encoding="UTF-8"?>
<!-- Generated by org.testng.reporters.JUnitReportReporter -->
<testsuite hostname="MSI" failures="0" tests="1" name="Tests.HotelBookingTest" time="51.248" errors="0" timestamp="2025-03-29T21:56:50 IST" skipped="0">
  <testcase classname="Tests.HotelBookingTest" name="testHotelBookingWithCoupon" time="51.248"/>
  <system-out/>
</testsuite> <!-- Tests.HotelBookingTest -->
